06:16:50--[main] INFO  edu.beca.es.eoi.main.MainJavaApp  - Enciendo la app
06:16:50--[main] INFO  edu.beca.es.eoi.main.MainJavaApp  - Entro en el menu principal
06:16:55--[main] DEBUG edu.beca.es.eoi.main.MainJavaApp  - Ha habido un error en la simulacion de la loteria: [Ljava.lang.StackTraceElement;@3c5a99da
06:16:55--[main] INFO  edu.beca.es.eoi.main.MainJavaApp  - Entro en el menu principal
06:16:59--[main] DEBUG edu.beca.es.eoi.main.MainJavaApp  - Se intenta acceder al menú de premios sin haber simulado el sorteo
06:16:59--[main] INFO  edu.beca.es.eoi.main.MainJavaApp  - Entro en el menu principal
06:17:02--[main] DEBUG edu.beca.es.eoi.main.MainJavaApp  - Ha habido un error en la simulacion de la loteria: [Ljava.lang.StackTraceElement;@47f37ef1
06:17:02--[main] INFO  edu.beca.es.eoi.main.MainJavaApp  - Entro en el menu principal
06:17:06--[main] DEBUG edu.beca.es.eoi.main.MainJavaApp  - Ha habido un error en la simulacion de la loteria: [Ljava.lang.StackTraceElement;@5a01ccaa
06:17:06--[main] INFO  edu.beca.es.eoi.main.MainJavaApp  - Entro en el menu principal
06:17:08--[main] DEBUG edu.beca.es.eoi.main.MainJavaApp  - Se intenta acceder al menú de premios sin haber simulado el sorteo
06:17:08--[main] INFO  edu.beca.es.eoi.main.MainJavaApp  - Entro en el menu principal
06:17:10--[main] DEBUG edu.beca.es.eoi.main.MainJavaApp  - Ha habido un error en la simulacion de la loteria: [Ljava.lang.StackTraceElement;@71c7db30
06:17:10--[main] INFO  edu.beca.es.eoi.main.MainJavaApp  - Entro en el menu principal
06:17:11--[main] DEBUG edu.beca.es.eoi.main.MainJavaApp  - Se intenta acceder al menú de premios sin haber simulado el sorteo
06:17:11--[main] INFO  edu.beca.es.eoi.main.MainJavaApp  - Entro en el menu principal
06:17:12--[main] DEBUG edu.beca.es.eoi.main.MainJavaApp  - Ha habido un error en la simulacion de la loteria: [Ljava.lang.StackTraceElement;@19bb089b
06:17:12--[main] INFO  edu.beca.es.eoi.main.MainJavaApp  - Entro en el menu principal
06:17:12--[main] DEBUG edu.beca.es.eoi.main.MainJavaApp  - Se intenta acceder al menú de premios sin haber simulado el sorteo
06:17:12--[main] INFO  edu.beca.es.eoi.main.MainJavaApp  - Entro en el menu principal
06:17:47--[main] INFO  edu.beca.es.eoi.main.MainJavaApp  - Enciendo la app
06:17:47--[main] INFO  edu.beca.es.eoi.main.MainJavaApp  - Entro en el menu principal
06:18:02--[main] DEBUG edu.beca.es.eoi.main.MainJavaApp  - Ha habido un error en la simulacion de la loteria: [Ljava.lang.StackTraceElement;@7791a895
06:18:02--[main] INFO  edu.beca.es.eoi.main.MainJavaApp  - Entro en el menu principal
06:22:44--[main] INFO  edu.beca.es.eoi.main.MainJavaApp  - Enciendo la app
06:22:44--[main] INFO  edu.beca.es.eoi.main.MainJavaApp  - Entro en el menu principal
06:22:55--[main] DEBUG edu.beca.es.eoi.main.MainJavaApp  - Ha habido un error en la simulacion de la loteria: [Ljava.lang.StackTraceElement;@7791a895
06:22:55--[main] INFO  edu.beca.es.eoi.main.MainJavaApp  - Entro en el menu principal
06:22:58--[main] DEBUG edu.beca.es.eoi.main.MainJavaApp  - Se intenta acceder al menú de premios sin haber simulado el sorteo
06:22:58--[main] INFO  edu.beca.es.eoi.main.MainJavaApp  - Entro en el menu principal
06:30:52--[main] INFO  edu.beca.es.eoi.main.MainJavaApp  - Enciendo la app
06:30:52--[main] INFO  edu.beca.es.eoi.main.MainJavaApp  - Entro en el menu principal
06:31:01--[main] DEBUG edu.beca.es.eoi.main.MainJavaApp  - Ha habido un error en la simulacion de la loteria: [Ljava.lang.StackTraceElement;@7791a895
06:31:01--[main] INFO  edu.beca.es.eoi.main.MainJavaApp  - Entro en el menu principal
06:32:03--[main] INFO  edu.beca.es.eoi.main.MainJavaApp  - Enciendo la app
06:32:03--[main] INFO  edu.beca.es.eoi.main.MainJavaApp  - Entro en el menu principal
06:32:19--[main] DEBUG edu.beca.es.eoi.main.MainJavaApp  - Ha habido un error en la simulacion de la loteria: [Ljava.lang.StackTraceElement;@7791a895
06:32:19--[main] INFO  edu.beca.es.eoi.main.MainJavaApp  - Entro en el menu principal
06:32:26--[main] INFO  edu.beca.es.eoi.main.MainJavaApp  - Enciendo la app
06:32:26--[main] INFO  edu.beca.es.eoi.main.MainJavaApp  - Entro en el menu principal
06:35:34--[main] INFO  edu.beca.es.eoi.main.MainJavaApp  - Enciendo la app
06:35:34--[main] INFO  edu.beca.es.eoi.main.MainJavaApp  - Entro en el menu principal
06:35:46--[main] DEBUG edu.beca.es.eoi.main.MainJavaApp  - Ha habido un error en la simulacion de la loteria: [Ljava.lang.StackTraceElement;@7791a895
06:35:46--[main] INFO  edu.beca.es.eoi.main.MainJavaApp  - Entro en el menu principal
06:35:49--[main] DEBUG edu.beca.es.eoi.main.MainJavaApp  - Se intenta acceder al menú de premios sin haber simulado el sorteo
06:35:49--[main] INFO  edu.beca.es.eoi.main.MainJavaApp  - Entro en el menu principal
06:37:32--[main] INFO  edu.beca.es.eoi.main.MainJavaApp  - Enciendo la app
06:37:32--[main] INFO  edu.beca.es.eoi.main.MainJavaApp  - Entro en el menu principal
06:37:42--[main] DEBUG edu.beca.es.eoi.main.MainJavaApp  - Ha habido un error en la simulacion de la loteria: [Ljava.lang.StackTraceElement;@7791a895
06:37:42--[main] INFO  edu.beca.es.eoi.main.MainJavaApp  - Entro en el menu principal
06:39:31--[main] INFO  edu.beca.es.eoi.main.MainJavaApp  - Enciendo la app
06:39:55--[main] INFO  edu.beca.es.eoi.main.MainJavaApp  - Enciendo la app
06:39:55--[main] INFO  edu.beca.es.eoi.main.MainJavaApp  - Entro en el menu principal
06:39:58--[main] INFO  edu.beca.es.eoi.main.MainJavaApp  - Apago la app
06:40:06--[main] INFO  edu.beca.es.eoi.main.MainJavaApp  - Enciendo la app
06:40:06--[main] INFO  edu.beca.es.eoi.main.MainJavaApp  - Entro en el menu principal
06:40:29--[main] INFO  edu.beca.es.eoi.main.MainJavaApp  - Apago la app
06:42:51--[main] INFO  edu.beca.es.eoi.main.MainJavaApp  - Enciendo la app
06:42:51--[main] INFO  edu.beca.es.eoi.main.MainJavaApp  - Entro en el menu principal
06:43:00--[main] INFO  edu.beca.es.eoi.main.MainJavaApp  - Entro en el menu principal
06:43:04--[main] INFO  edu.beca.es.eoi.main.MainJavaApp  - Entro en el menu principal
06:47:52--[main] INFO  edu.beca.es.eoi.main.MainJavaApp  - Enciendo la app
06:47:52--[main] INFO  edu.beca.es.eoi.main.MainJavaApp  - Entro en el menu principal
06:47:54--[main] INFO  edu.beca.es.eoi.main.MainJavaApp  - Entro en el menu principal
06:47:56--[main] INFO  edu.beca.es.eoi.main.MainJavaApp  - Entro en el menu principal
06:48:07--[main] INFO  edu.beca.es.eoi.main.MainJavaApp  - Entro en el menu principal
06:48:11--[main] INFO  edu.beca.es.eoi.main.MainJavaApp  - Enciendo la app
06:48:11--[main] INFO  edu.beca.es.eoi.main.MainJavaApp  - Entro en el menu principal
06:48:18--[main] INFO  edu.beca.es.eoi.main.MainJavaApp  - Entro en el menu principal
06:48:20--[main] INFO  edu.beca.es.eoi.main.MainJavaApp  - Entro en el menu principal
06:48:46--[main] INFO  edu.beca.es.eoi.main.MainJavaApp  - Entro en el menu principal
06:48:48--[main] INFO  edu.beca.es.eoi.main.MainJavaApp  - Entro en el menu principal
06:48:53--[main] INFO  edu.beca.es.eoi.main.MainJavaApp  - Entro en el menu principal
06:48:54--[main] INFO  edu.beca.es.eoi.main.MainJavaApp  - Entro en el menu principal
07:12:04--[main] INFO  edu.beca.es.eoi.main.MainJavaApp  - Enciendo la app
07:12:04--[main] INFO  edu.beca.es.eoi.main.MainJavaApp  - Entro en el menu principal
07:12:06--[main] INFO  edu.beca.es.eoi.main.MainJavaApp  - Entro en el menu principal
07:12:07--[main] INFO  edu.beca.es.eoi.main.MainJavaApp  - Entro en el menu principal
07:12:46--[main] INFO  edu.beca.es.eoi.main.MainJavaApp  - Enciendo la app
07:12:46--[main] INFO  edu.beca.es.eoi.main.MainJavaApp  - Entro en el menu principal
07:12:48--[main] INFO  edu.beca.es.eoi.main.MainJavaApp  - Entro en el menu principal
07:12:49--[main] INFO  edu.beca.es.eoi.main.MainJavaApp  - Entro en el menu principal
07:45:02--[main] INFO  edu.beca.es.eoi.main.MainJavaApp  - Enciendo la app
07:45:02--[main] INFO  edu.beca.es.eoi.main.MainJavaApp  - Entro en el menu principal
07:45:03--[main] INFO  edu.beca.es.eoi.main.MainJavaApp  - Entro en el menu principal
07:48:30--[main] INFO  edu.beca.es.eoi.main.MainJavaApp  - Enciendo la app
07:48:30--[main] INFO  edu.beca.es.eoi.main.MainJavaApp  - Entro en el menu principal
07:49:51--[main] INFO  edu.beca.es.eoi.main.MainJavaApp  - Entro en el menu principal
07:51:16--[main] INFO  edu.beca.es.eoi.main.MainJavaApp  - Enciendo la app
07:51:16--[main] INFO  edu.beca.es.eoi.main.MainJavaApp  - Entro en el menu principal
07:51:51--[main] INFO  edu.beca.es.eoi.main.MainJavaApp  - Entro en el menu principal
07:51:52--[main] INFO  edu.beca.es.eoi.main.MainJavaApp  - Entro en el menu principal
07:52:31--[main] INFO  edu.beca.es.eoi.main.MainJavaApp  - Enciendo la app
07:52:31--[main] INFO  edu.beca.es.eoi.main.MainJavaApp  - Entro en el menu principal
07:52:33--[main] INFO  edu.beca.es.eoi.main.MainJavaApp  - Entro en el menu principal
07:54:16--[main] INFO  edu.beca.es.eoi.main.MainJavaApp  - Enciendo la app
07:54:16--[main] INFO  edu.beca.es.eoi.main.MainJavaApp  - Entro en el menu principal
07:54:19--[main] INFO  edu.beca.es.eoi.main.MainJavaApp  - Entro en el menu principal
07:54:20--[main] INFO  edu.beca.es.eoi.main.MainJavaApp  - Entro en el menu principal
07:54:35--[main] INFO  edu.beca.es.eoi.main.MainJavaApp  - Enciendo la app
07:54:35--[main] INFO  edu.beca.es.eoi.main.MainJavaApp  - Entro en el menu principal
07:54:36--[main] INFO  edu.beca.es.eoi.main.MainJavaApp  - Entro en el menu principal
07:54:37--[main] INFO  edu.beca.es.eoi.main.MainJavaApp  - Entro en el menu principal
08:03:21--[main] INFO  edu.beca.es.eoi.main.MainJavaApp  - Enciendo la app
08:03:21--[main] INFO  edu.beca.es.eoi.main.MainJavaApp  - Entro en el menu principal
08:03:22--[main] INFO  edu.beca.es.eoi.main.MainJavaApp  - Entro en el menu principal
08:04:51--[main] INFO  edu.beca.es.eoi.main.MainJavaApp  - Enciendo la app
08:04:51--[main] INFO  edu.beca.es.eoi.main.MainJavaApp  - Entro en el menu principal
08:04:52--[main] INFO  edu.beca.es.eoi.main.MainJavaApp  - Entro en el menu principal
08:05:03--[main] INFO  edu.beca.es.eoi.main.MainJavaApp  - Enciendo la app
08:05:03--[main] INFO  edu.beca.es.eoi.main.MainJavaApp  - Entro en el menu principal
08:05:05--[main] INFO  edu.beca.es.eoi.main.MainJavaApp  - Entro en el menu principal
08:20:04--[main] INFO  edu.beca.es.eoi.main.MainJavaApp  - Enciendo la app
08:20:04--[main] INFO  edu.beca.es.eoi.main.MainJavaApp  - Entro en el menu principal
08:20:06--[main] INFO  edu.beca.es.eoi.main.MainJavaApp  - Entro en el menu principal
08:20:07--[main] INFO  edu.beca.es.eoi.main.MainJavaApp  - Entro en el menu principal
08:21:09--[main] INFO  edu.beca.es.eoi.main.MainJavaApp  - Enciendo la app
08:21:09--[main] INFO  edu.beca.es.eoi.main.MainJavaApp  - Entro en el menu principal
08:21:12--[main] INFO  edu.beca.es.eoi.main.MainJavaApp  - Entro en el menu principal
08:21:13--[main] INFO  edu.beca.es.eoi.main.MainJavaApp  - Entro en el menu principal
08:22:44--[main] INFO  edu.beca.es.eoi.main.MainJavaApp  - Enciendo la app
08:22:44--[main] INFO  edu.beca.es.eoi.main.MainJavaApp  - Entro en el menu principal
08:22:46--[main] INFO  edu.beca.es.eoi.main.MainJavaApp  - Entro en el menu principal
08:22:47--[main] INFO  edu.beca.es.eoi.main.MainJavaApp  - Entro en el menu principal
08:24:01--[main] INFO  edu.beca.es.eoi.main.MainJavaApp  - Enciendo la app
08:24:01--[main] INFO  edu.beca.es.eoi.main.MainJavaApp  - Entro en el menu principal
08:24:03--[main] INFO  edu.beca.es.eoi.main.MainJavaApp  - Entro en el menu principal
08:24:04--[main] INFO  edu.beca.es.eoi.main.MainJavaApp  - Entro en el menu principal
08:24:30--[main] INFO  edu.beca.es.eoi.main.MainJavaApp  - Enciendo la app
08:24:30--[main] INFO  edu.beca.es.eoi.main.MainJavaApp  - Entro en el menu principal
08:24:31--[main] INFO  edu.beca.es.eoi.main.MainJavaApp  - Entro en el menu principal
08:24:32--[main] INFO  edu.beca.es.eoi.main.MainJavaApp  - Entro en el menu principal
08:25:27--[main] INFO  edu.beca.es.eoi.main.MainJavaApp  - Enciendo la app
08:25:27--[main] INFO  edu.beca.es.eoi.main.MainJavaApp  - Entro en el menu principal
08:25:29--[main] INFO  edu.beca.es.eoi.main.MainJavaApp  - Entro en el menu principal
08:25:29--[main] INFO  edu.beca.es.eoi.main.MainJavaApp  - Entro en el menu principal
08:26:39--[main] INFO  edu.beca.es.eoi.main.MainJavaApp  - Enciendo la app
08:26:39--[main] INFO  edu.beca.es.eoi.main.MainJavaApp  - Entro en el menu principal
08:26:40--[main] INFO  edu.beca.es.eoi.main.MainJavaApp  - Entro en el menu principal
08:26:41--[main] INFO  edu.beca.es.eoi.main.MainJavaApp  - Entro en el menu principal
08:27:38--[main] INFO  edu.beca.es.eoi.main.MainJavaApp  - Enciendo la app
08:27:38--[main] INFO  edu.beca.es.eoi.main.MainJavaApp  - Entro en el menu principal
08:27:41--[main] INFO  edu.beca.es.eoi.main.MainJavaApp  - Entro en el menu principal
08:27:42--[main] INFO  edu.beca.es.eoi.main.MainJavaApp  - Entro en el menu principal
08:28:15--[main] INFO  edu.beca.es.eoi.main.MainJavaApp  - Enciendo la app
08:28:15--[main] INFO  edu.beca.es.eoi.main.MainJavaApp  - Entro en el menu principal
08:28:16--[main] INFO  edu.beca.es.eoi.main.MainJavaApp  - Entro en el menu principal
08:28:17--[main] INFO  edu.beca.es.eoi.main.MainJavaApp  - Entro en el menu principal
08:29:48--[main] INFO  edu.beca.es.eoi.main.MainJavaApp  - Enciendo la app
08:29:48--[main] INFO  edu.beca.es.eoi.main.MainJavaApp  - Entro en el menu principal
08:29:49--[main] INFO  edu.beca.es.eoi.main.MainJavaApp  - Entro en el menu principal
08:29:50--[main] INFO  edu.beca.es.eoi.main.MainJavaApp  - Entro en el menu principal
08:30:18--[main] INFO  edu.beca.es.eoi.main.MainJavaApp  - Enciendo la app
08:30:18--[main] INFO  edu.beca.es.eoi.main.MainJavaApp  - Entro en el menu principal
08:30:20--[main] INFO  edu.beca.es.eoi.main.MainJavaApp  - Entro en el menu principal
08:30:21--[main] INFO  edu.beca.es.eoi.main.MainJavaApp  - Entro en el menu principal
08:30:59--[main] INFO  edu.beca.es.eoi.main.MainJavaApp  - Enciendo la app
08:30:59--[main] INFO  edu.beca.es.eoi.main.MainJavaApp  - Entro en el menu principal
08:31:05--[main] INFO  edu.beca.es.eoi.main.MainJavaApp  - Enciendo la app
08:31:05--[main] INFO  edu.beca.es.eoi.main.MainJavaApp  - Entro en el menu principal
08:31:06--[main] INFO  edu.beca.es.eoi.main.MainJavaApp  - Entro en el menu principal
08:31:07--[main] INFO  edu.beca.es.eoi.main.MainJavaApp  - Entro en el menu principal
08:31:22--[main] INFO  edu.beca.es.eoi.main.MainJavaApp  - Enciendo la app
08:31:22--[main] INFO  edu.beca.es.eoi.main.MainJavaApp  - Entro en el menu principal
08:31:25--[main] INFO  edu.beca.es.eoi.main.MainJavaApp  - Entro en el menu principal
08:31:25--[main] INFO  edu.beca.es.eoi.main.MainJavaApp  - Entro en el menu principal
08:34:53--[main] INFO  edu.beca.es.eoi.main.MainJavaApp  - Enciendo la app
08:34:53--[main] INFO  edu.beca.es.eoi.main.MainJavaApp  - Entro en el menu principal
08:34:55--[main] INFO  edu.beca.es.eoi.main.MainJavaApp  - Entro en el menu principal
08:34:56--[main] INFO  edu.beca.es.eoi.main.MainJavaApp  - Entro en el menu principal
08:35:30--[main] INFO  edu.beca.es.eoi.main.MainJavaApp  - Enciendo la app
08:35:30--[main] INFO  edu.beca.es.eoi.main.MainJavaApp  - Entro en el menu principal
08:35:32--[main] INFO  edu.beca.es.eoi.main.MainJavaApp  - Entro en el menu principal
08:35:33--[main] INFO  edu.beca.es.eoi.main.MainJavaApp  - Entro en el menu principal
08:36:02--[main] INFO  edu.beca.es.eoi.main.MainJavaApp  - Enciendo la app
08:36:02--[main] INFO  edu.beca.es.eoi.main.MainJavaApp  - Entro en el menu principal
08:36:04--[main] INFO  edu.beca.es.eoi.main.MainJavaApp  - Entro en el menu principal
08:36:06--[main] INFO  edu.beca.es.eoi.main.MainJavaApp  - Entro en el menu principal
08:36:20--[main] INFO  edu.beca.es.eoi.main.MainJavaApp  - Enciendo la app
08:36:20--[main] INFO  edu.beca.es.eoi.main.MainJavaApp  - Entro en el menu principal
08:36:22--[main] INFO  edu.beca.es.eoi.main.MainJavaApp  - Entro en el menu principal
08:36:23--[main] INFO  edu.beca.es.eoi.main.MainJavaApp  - Entro en el menu principal
08:36:44--[main] INFO  edu.beca.es.eoi.main.MainJavaApp  - Enciendo la app
08:36:44--[main] INFO  edu.beca.es.eoi.main.MainJavaApp  - Entro en el menu principal
08:36:46--[main] INFO  edu.beca.es.eoi.main.MainJavaApp  - Entro en el menu principal
08:36:46--[main] INFO  edu.beca.es.eoi.main.MainJavaApp  - Entro en el menu principal
08:37:02--[main] INFO  edu.beca.es.eoi.main.MainJavaApp  - Enciendo la app
08:37:02--[main] INFO  edu.beca.es.eoi.main.MainJavaApp  - Entro en el menu principal
08:37:03--[main] INFO  edu.beca.es.eoi.main.MainJavaApp  - Entro en el menu principal
08:37:04--[main] INFO  edu.beca.es.eoi.main.MainJavaApp  - Entro en el menu principal
09:03:53--[main] INFO  edu.beca.es.eoi.main.MainJavaApp  - Enciendo la app
09:03:53--[main] INFO  edu.beca.es.eoi.main.MainJavaApp  - Entro en el menu principal
09:03:55--[main] INFO  edu.beca.es.eoi.main.MainJavaApp  - Entro en el menu principal
09:04:13--[main] INFO  edu.beca.es.eoi.main.MainJavaApp  - Entro en el menu principal
09:04:23--[main] INFO  edu.beca.es.eoi.main.MainJavaApp  - Entro en el menu principal
09:04:29--[main] INFO  edu.beca.es.eoi.main.MainJavaApp  - Entro en el menu principal
09:04:48--[main] INFO  edu.beca.es.eoi.main.MainJavaApp  - Entro en el menu principal
